app/build/intermediates/manifest_merge_blame_file/debug/manifest-merger-blame-debug-report.txt
1<?xml version="1.0" encoding="utf-8"?>
2<manifest xmlns:android="http://schemas.android.com/apk/res/android"
3    package="com.guri.loginkt_new"
4    android:versionCode="1"
5    android:versionName="1.0" >
6
7    <uses-sdk
8        android:minSdkVersion="24"
8-->src/main/AndroidManifest.xml
9        android:targetSdkVersion="33" />
9-->src/main/AndroidManifest.xml
10
11    <queries>
11-->[androidx.media:media:1.4.1] AndroidManifest.xml:24:5-28:15
12        <intent>
12-->[androidx.media:media:1.4.1] AndroidManifest.xml:25:9-27:18
13            <action android:name="android.media.browse.MediaBrowserService" />
13-->[androidx.media:media:1.4.1] AndroidManifest.xml:26:13-79
13-->[androidx.media:media:1.4.1] AndroidManifest.xml:26:21-76
14        </intent>
15    </queries>
16
17    <permission
17-->[androidx.core:core:1.9.0] AndroidManifest.xml:22:5-24:47
18        android:name="com.guri.loginkt_new.DYNAMIC_RECEIVER_NOT_EXPORTED_PERMISSION"
18-->[androidx.core:core:1.9.0] AndroidManifest.xml:23:9-81
19        android:protectionLevel="signature" />
19-->[androidx.core:core:1.9.0] AndroidManifest.xml:24:9-44
20
21    <uses-permission android:name="com.guri.loginkt_new.DYNAMIC_RECEIVER_NOT_EXPORTED_PERMISSION" />
21-->[androidx.core:core:1.9.0] AndroidManifest.xml:26:5-97
21-->[androidx.core:core:1.9.0] AndroidManifest.xml:26:22-94
22
23    <application
23-->src/main/AndroidManifest.xml:5:5-46:19
24        android:allowBackup="true"
24-->src/main/AndroidManifest.xml:6:9-35
25        android:appComponentFactory="androidx.core.app.CoreComponentFactory"
25-->[androidx.core:core:1.9.0] AndroidManifest.xml:28:18-86
26        android:dataExtractionRules="@xml/data_extraction_rules"
26-->src/main/AndroidManifest.xml:7:9-65
27        android:debuggable="true"
28        android:extractNativeLibs="false"
29        android:fullBackupContent="@xml/backup_rules"
29-->src/main/AndroidManifest.xml:8:9-54
30        android:icon="@mipmap/ic_launcher"
30-->src/main/AndroidManifest.xml:9:9-43
31        android:label="@string/app_name"
31-->src/main/AndroidManifest.xml:10:9-41
32        android:supportsRtl="true"
32-->src/main/AndroidManifest.xml:11:9-35
33        android:theme="@style/Theme.Loginkt_new" >
33-->src/main/AndroidManifest.xml:12:9-49
34        <activity
34-->src/main/AndroidManifest.xml:14:9-16:40
35            android:name="com.guri.loginkt_new.CalendarActivity"
35-->src/main/AndroidManifest.xml:15:13-45
36            android:exported="false" />
36-->src/main/AndroidManifest.xml:16:13-37
37        <activity
37-->src/main/AndroidManifest.xml:17:9-19:40
38            android:name="com.guri.loginkt_new.LoginActivity"
38-->src/main/AndroidManifest.xml:18:13-42
39            android:exported="false" />
39-->src/main/AndroidManifest.xml:19:13-37
40        <activity
40-->src/main/AndroidManifest.xml:20:9-22:40
41            android:name="com.guri.loginkt_new.RegisterActivity"
41-->src/main/AndroidManifest.xml:21:13-45
42            android:exported="false" />
42-->src/main/AndroidManifest.xml:22:13-37
43        <activity
43-->src/main/AndroidManifest.xml:23:9-25:40
44            android:name="com.guri.loginkt_new.NotificationActivity"
44-->src/main/AndroidManifest.xml:24:13-49
45            android:exported="false" />
45-->src/main/AndroidManifest.xml:25:13-37
46        <activity
46-->src/main/AndroidManifest.xml:26:9-28:40
47            android:name="com.guri.loginkt_new.recyclerView.NotificationList"
47-->src/main/AndroidManifest.xml:27:13-58
48            android:exported="false" /> <!-- <activity -->
48-->src/main/AndroidManifest.xml:28:13-37
49        <!-- android:name=".MypageActivity" -->
50        <!-- android:exported="false" /> -->
51        <!-- <activity -->
52        <!-- android:name=".BaseActivity" -->
53        <!-- android:exported="false" /> -->
54        <activity
54-->src/main/AndroidManifest.xml:34:9-36:40
55            android:name="com.guri.loginkt_new.HomeActivity"
55-->src/main/AndroidManifest.xml:35:13-41
56            android:exported="false" />
56-->src/main/AndroidManifest.xml:36:13-37
57        <activity
57-->src/main/AndroidManifest.xml:37:9-45:20
58            android:name="com.guri.loginkt_new.MainActivity"
58-->src/main/AndroidManifest.xml:38:13-41
59            android:exported="true" >
59-->src/main/AndroidManifest.xml:39:13-36
60            <intent-filter>
60-->src/main/AndroidManifest.xml:40:13-44:29
61                <action android:name="android.intent.action.MAIN" />
61-->src/main/AndroidManifest.xml:41:17-69
61-->src/main/AndroidManifest.xml:41:25-66
62
63                <category android:name="android.intent.category.LAUNCHER" />
63-->src/main/AndroidManifest.xml:43:17-77
63-->src/main/AndroidManifest.xml:43:27-74
64            </intent-filter>
65        </activity>
66
67        <provider
67-->[androidx.emoji2:emoji2:1.2.0] AndroidManifest.xml:24:9-32:20
68            android:name="androidx.startup.InitializationProvider"
68-->[androidx.emoji2:emoji2:1.2.0] AndroidManifest.xml:25:13-67
69            android:authorities="com.guri.loginkt_new.androidx-startup"
69-->[androidx.emoji2:emoji2:1.2.0] AndroidManifest.xml:26:13-68
70            android:exported="false" >
70-->[androidx.emoji2:emoji2:1.2.0] AndroidManifest.xml:27:13-37
71            <meta-data
71-->[androidx.emoji2:emoji2:1.2.0] AndroidManifest.xml:29:13-31:52
72                android:name="androidx.emoji2.text.EmojiCompatInitializer"
72-->[androidx.emoji2:emoji2:1.2.0] AndroidManifest.xml:30:17-75
73                android:value="androidx.startup" />
73-->[androidx.emoji2:emoji2:1.2.0] AndroidManifest.xml:31:17-49
74            <meta-data
74-->[androidx.lifecycle:lifecycle-process:2.4.1] AndroidManifest.xml:31:13-33:52
75                android:name="androidx.lifecycle.ProcessLifecycleInitializer"
75-->[androidx.lifecycle:lifecycle-process:2.4.1] AndroidManifest.xml:32:17-78
76                android:value="androidx.startup" />
76-->[androidx.lifecycle:lifecycle-process:2.4.1] AndroidManifest.xml:33:17-49
77        </provider>
78    </application>
79
80</manifest>